\BOOKMARK [1][-]{section.1}{Introduction}{}% 1
\BOOKMARK [2][-]{subsection.1.1}{Related Work}{section.1}% 2
\BOOKMARK [2][-]{subsection.1.2}{Our Contributions}{section.1}% 3
\BOOKMARK [1][-]{section.2}{Partial Monitoring with Context}{}% 4
\BOOKMARK [1][-]{section.3}{Exponential Weights Algorithms}{}% 5
\BOOKMARK [1][-]{section.4}{A Relaxation Algorithm}{}% 6
\BOOKMARK [2][-]{subsection.4.1}{A Sparser Offset Loss Estimate}{section.4}% 7
\BOOKMARK [2][-]{subsection.4.2}{Relaxations}{section.4}% 8
\BOOKMARK [2][-]{subsection.4.3}{An Admissible Relaxation}{section.4}% 9
\BOOKMARK [2][-]{subsection.4.4}{Computation}{section.4}% 10
\BOOKMARK [1][-]{section.5}{Lower Bound}{}% 11
\BOOKMARK [1][-]{section.6}{Conclusion}{}% 12
\BOOKMARK [1][-]{appendix.A}{Proof of Theorem 1}{}% 13
\BOOKMARK [1][-]{appendix.B}{Proofs for Relaxations}{}% 14
\BOOKMARK [1][-]{appendix.C}{Proof of Lemma 3}{}% 15
\BOOKMARK [1][-]{appendix.D}{Proof of Lower Bound}{}% 16
\BOOKMARK [2][-]{subsection.D.1}{Defining the alternatives}{appendix.D}% 17
\BOOKMARK [2][-]{subsection.D.2}{Calculating the loss differences}{appendix.D}% 18
\BOOKMARK [2][-]{subsection.D.3}{Bounding the KL-Divergence}{appendix.D}% 19
\BOOKMARK [2][-]{subsection.D.4}{Finalizing the Bound}{appendix.D}% 20
